#
# There is insufficient memory for the Java Runtime Environment to continue.
# Native memory allocation (mmap) failed to map 132120576 bytes for Failed to commit area from 0x0000000082200000 to 0x000000008a000000 of length 132120576.
# Possible reasons:
#   The system is out of physical RAM or swap space
#   The process is running with CompressedOops enabled, and the Java Heap may be blocking the growth of the native heap
# Possible solutions:
#   Reduce memory load on the system
#   Increase physical memory or swap space
#   Check if swap backing store is full
#   Decrease Java heap size (-Xmx/-Xms)
#   Decrease number of Java threads
#   Decrease Java thread stack sizes (-Xss)
#   Set larger code cache with -XX:ReservedCodeCacheSize=
#   JVM is running with Unscaled Compressed Oops mode in which the Java heap is
#     placed in the first 4GB address space. The Java Heap base address is the
#     maximum limit for the native heap growth. Please use -XX:HeapBaseMinAddress
#     to set the Java Heap base and to place the Java Heap above 4GB virtual address.
# This output file may be truncated or incomplete.
#
#  Out of Memory Error (./open/src/hotspot/os/windows/os_windows.cpp:3315), pid=14004, tid=19028
#
# JRE version:  (14.0.2+12) (build )
# Java VM: Java HotSpot(TM) 64-Bit Server VM (14.0.2+12-46, mixed mode, sharing, tiered, compressed oops, g1 gc, windows-amd64)
# No core dump will be written. Minidumps are not enabled by default on client versions of Windows
#

---------------  S U M M A R Y ------------

Command Line: -javaagent:C:\Program Files\JetBrains\IntelliJ IDEA 2019.3.1\lib\idea_rt.jar=63445:C:\Program Files\JetBrains\IntelliJ IDEA 2019.3.1\bin -Dfile.encoding=UTF-8 clientCV

Host: Intel(R) Core(TM) i7-8550U CPU @ 1.80GHz, 8 cores, 7G,  Windows 10 , 64 bit Build 19041 (10.0.19041.1023)
Time: Thu Jul 29 16:50:45 2021 ora legale Europa occidentale elapsed time: 0 seconds (0d 0h 0m 0s)

---------------  T H R E A D  ---------------

Current thread (0x00000262b28c1000):  JavaThread "Unknown thread" [_thread_in_vm, id=19028, stack(0x000000f54dd00000,0x000000f54de00000)]

Stack: [0x000000f54dd00000,0x000000f54de00000]
Native frames: (J=compiled Java code, j=interpreted, Vv=VM code, C=native code)
V  [jvm.dll+0x5f8a9a]
V  [jvm.dll+0x74247a]
V  [jvm.dll+0x743c2f]
V  [jvm.dll+0x744273]
V  [jvm.dll+0x20d288]
V  [jvm.dll+0x5f5dea]
V  [jvm.dll+0x5eac45]
V  [jvm.dll+0x2c7e9c]
V  [jvm.dll+0x2c7cd2]
V  [jvm.dll+0x2cdbbc]
V  [jvm.dll+0x313fe8]
V  [jvm.dll+0x313710]
V  [jvm.dll+0x2a092a]
V  [jvm.dll+0x2a1a79]
V  [jvm.dll+0x71fd48]
V  [jvm.dll+0x321c14]
V  [jvm.dll+0x70112c]
V  [jvm.dll+0x392def]
V  [jvm.dll+0x394e61]
C  [jli.dll+0x524b]
C  [ucrtbase.dll+0x21bb2]
C  [KERNEL32.DLL+0x17034]
C  [ntdll.dll+0x52651]


---------------  P R O C E S S  ---------------

Threads class SMR info:
_java_thread_list=0x00007ffaaada3038, length=0, elements={
}

Java Threads: ( => current thread )

Other Threads:
  0x00000262b2905000 GCTaskThread "GC Thread#0" [stack: 0x000000f54de00000,0x000000f54df00000] [id=22624]
  0x00000262b2916000 ConcurrentGCThread "G1 Main Marker" [stack: 0x000000f54df00000,0x000000f54e000000] [id=16124]
  0x00000262b2919000 ConcurrentGCThread "G1 Conc#0" [stack: 0x000000f54e000000,0x000000f54e100000] [id=19324]

[error occurred during error reporting (printing all threads), id 0xc0000005, EXCEPTION_ACCESS_VIOLATION (0xc0000005) at pc=0x00007ffaaa5d1257]

VM state:not at safepoint (not fully initialized)

VM Mutex/Monitor currently owned by a thread:  ([mutex/lock_event])
[0x00000262b28bd8e0] Heap_lock - owner thread: 0x00000262b28c1000

Heap address: 0x0000000082200000, size: 2014 MB, Compressed Oops mode: 32-bit
Narrow klass base: 0x0000000000000000, Narrow klass shift: 0

GC Heap History (0 events):
No events

Deoptimization events (0 events):
No events

Classes unloaded (0 events):
No events

Classes redefined (0 events):
No events

Internal exceptions (0 events):
No events

Events (2 events):
Event: 0.010 Loaded shared library C:\Program Files\Java\jdk-14.0.2\bin\java.dll
Event: 0.011 Loaded shared library C:\Program Files\Java\jdk-14.0.2\bin\zip.dll


Dynamic libraries:
0x00007ff6c5a80000 - 0x00007ff6c5a8f000 	C:\Program Files\Java\jdk-14.0.2\bin\java.exe
0x00007ffaf4030000 - 0x00007ffaf4225000 	C:\WINDOWS\SYSTEM32\ntdll.dll
0x00007ffacbd60000 - 0x00007ffacbd73000 	C:\Program Files\Avast Software\Avast\aswhook.dll
0x00007ffaf2250000 - 0x00007ffaf230d000 	C:\WINDOWS\System32\KERNEL32.DLL
0x00007ffaf1c80000 - 0x00007ffaf1f49000 	C:\WINDOWS\System32\KERNELBASE.dll
0x00007ffaf1b80000 - 0x00007ffaf1c80000 	C:\WINDOWS\System32\ucrtbase.dll
0x00007ffaecd00000 - 0x00007ffaecd15000 	C:\Program Files\Java\jdk-14.0.2\bin\VCRUNTIME140.dll
0x00007ffaeb660000 - 0x00007ffaeb678000 	C:\Program Files\Java\jdk-14.0.2\bin\jli.dll
0x00007ffaf2520000 - 0x00007ffaf25cc000 	C:\WINDOWS\System32\ADVAPI32.dll
0x00007ffaf3a10000 - 0x00007ffaf3aae000 	C:\WINDOWS\System32\msvcrt.dll
0x00007ffaf2310000 - 0x00007ffaf23ab000 	C:\WINDOWS\System32\sechost.dll
0x00007ffaf38e0000 - 0x00007ffaf3a0a000 	C:\WINDOWS\System32\RPCRT4.dll
0x00007ffaf20b0000 - 0x00007ffaf2250000 	C:\WINDOWS\System32\USER32.dll
0x00007ffaf18d0000 - 0x00007ffaf18f2000 	C:\WINDOWS\System32\win32u.dll
0x00007ffadc990000 - 0x00007ffadcc2a000 	C:\WINDOWS\WinSxS\amd64_microsoft.windows.common-controls_6595b64144ccf1df_6.0.19041.1083_none_60bbe31371f34e71\COMCTL32.dll
0x00007ffaf24f0000 - 0x00007ffaf251a000 	C:\WINDOWS\System32\GDI32.dll
0x00007ffaf1a40000 - 0x00007ffaf1b4b000 	C:\WINDOWS\System32\gdi32full.dll
0x00007ffaf2000000 - 0x00007ffaf209d000 	C:\WINDOWS\System32\msvcp_win.dll
0x00007ffae8fc0000 - 0x00007ffae8fca000 	C:\WINDOWS\SYSTEM32\VERSION.dll
0x00007ffaf3360000 - 0x00007ffaf3390000 	C:\WINDOWS\System32\IMM32.DLL
0x00007ffad2050000 - 0x00007ffad20eb000 	C:\Program Files\Java\jdk-14.0.2\bin\msvcp140.dll
0x00007ffaaa320000 - 0x00007ffaaae3e000 	C:\Program Files\Java\jdk-14.0.2\bin\server\jvm.dll
0x00007ffaf20a0000 - 0x00007ffaf20a8000 	C:\WINDOWS\System32\PSAPI.DLL
0x00007ffad9d70000 - 0x00007ffad9d97000 	C:\WINDOWS\SYSTEM32\WINMM.dll
0x00007ffae3a40000 - 0x00007ffae3a49000 	C:\WINDOWS\SYSTEM32\WSOCK32.dll
0x00007ffaf32f0000 - 0x00007ffaf335b000 	C:\WINDOWS\System32\WS2_32.dll
0x00007ffaf0080000 - 0x00007ffaf0092000 	C:\WINDOWS\SYSTEM32\kernel.appcore.dll
0x00007ffaecde0000 - 0x00007ffaecdea000 	C:\Program Files\Java\jdk-14.0.2\bin\jimage.dll
0x00007ffaef590000 - 0x00007ffaef774000 	C:\WINDOWS\SYSTEM32\DBGHELP.DLL
0x00007ffae5970000 - 0x00007ffae599c000 	C:\WINDOWS\SYSTEM32\dbgcore.DLL
0x00007ffaf19b0000 - 0x00007ffaf1a33000 	C:\WINDOWS\System32\bcryptPrimitives.dll
0x00007ffaecd30000 - 0x00007ffaecd3e000 	C:\Program Files\Java\jdk-14.0.2\bin\instrument.dll
0x00007ffaeb420000 - 0x00007ffaeb445000 	C:\Program Files\Java\jdk-14.0.2\bin\java.dll
0x00007ffaeb120000 - 0x00007ffaeb136000 	C:\Program Files\Java\jdk-14.0.2\bin\zip.dll

dbghelp: loaded successfully - version: 4.0.5 - missing functions: none
symbol engine: initialized successfully - sym options: 0x614 - pdb path: .;C:\Program Files\Java\jdk-14.0.2\bin;C:\WINDOWS\SYSTEM32;C:\Program Files\Avast Software\Avast;C:\WINDOWS\WinSxS\amd64_microsoft.windows.common-controls_6595b64144ccf1df_6.0.19041.1083_none_60bbe31371f34e71;C:\Program Files\Java\jdk-14.0.2\bin\server

VM Arguments:
jvm_args: -javaagent:C:\Program Files\JetBrains\IntelliJ IDEA 2019.3.1\lib\idea_rt.jar=63445:C:\Program Files\JetBrains\IntelliJ IDEA 2019.3.1\bin -Dfile.encoding=UTF-8 
java_command: clientCV
java_class_path (initial): C:\Users\asus\Desktop\Lab B\progetto\target\classes;C:\Program Files\Java\postgresql-42.2.23.jar
Launcher Type: SUN_STANDARD

[Global flags]
     intx CICompilerCount                          = 4                                         {product} {ergonomic}
     uint ConcGCThreads                            = 2                                         {product} {ergonomic}
     uint G1ConcRefinementThreads                  = 8                                         {product} {ergonomic}
   size_t G1HeapRegionSize                         = 1048576                                   {product} {ergonomic}
    uintx GCDrainStackTargetSize                   = 64                                        {product} {ergonomic}
   size_t InitialHeapSize                          = 132120576                                 {product} {ergonomic}
   size_t MarkStackSize                            = 4194304                                   {product} {ergonomic}
   size_t MaxHeapSize                              = 2111832064                                {product} {ergonomic}
   size_t MinHeapDeltaBytes                        = 1048576                                   {product} {ergonomic}
   size_t MinHeapSize                              = 8388608                                   {product} {ergonomic}
    uintx NonNMethodCodeHeapSize                   = 5839372                                {pd product} {ergonomic}
    uintx NonProfiledCodeHeapSize                  = 122909434                              {pd product} {ergonomic}
    uintx ProfiledCodeHeapSize                     = 122909434                              {pd product} {ergonomic}
    uintx ReservedCodeCacheSize                    = 251658240                              {pd product} {ergonomic}
     bool SegmentedCodeCache                       = true                                      {product} {ergonomic}
   size_t SoftMaxHeapSize                          = 2111832064                             {manageable} {ergonomic}
     bool UseCompressedClassPointers               = true                                 {lp64_product} {ergonomic}
     bool UseCompressedOops                        = true                                 {lp64_product} {ergonomic}
     bool UseG1GC                                  = true                                      {product} {ergonomic}
     bool UseLargePagesIndividualAllocation        = false                                  {pd product} {ergonomic}

Logging:
Log output configuration:
 #0: stdout all=warning uptime,level,tags
 #1: stderr all=off uptime,level,tags

Environment Variables:
CLASSPATH=.;C:\javalib;C:\jarlib\prog-4ed.jar;
PATH=C:\oraclexe\app\oracle\product\11.2.0\server\bin;;C:\ProgramData\Oracle\Java\javapath;C:\Program Files (x86)\Intel\iCLS Client\;C:\Program Files\Intel\iCLS Client\;C:\Windows\system32;C:\Windows;C:\Windows\System32\Wbem;C:\Windows\System32\WindowsPowerShell\v1.0\;C:\Program Files (x86)\Intel\Intel(R) Management Engine Components\DAL;C:\Program Files\Intel\Intel(R) Management Engine Components\DAL;C:\Program Files (x86)\Intel\Intel(R) Management Engine Components\IPT;C:\Program Files\Intel\Intel(R) Management Engine Components\IPT;C:\Program Files (x86)\NVIDIA Corporation\PhysX\Common;C:\Users\asus\Downloads\Java/bin;C:\Program Files (x86)\File Viewer Lite\lib\magick;C:\WINDOWS\system32;C:\WINDOWS;C:\WINDOWS\System32\Wbem;C:\WINDOWS\System32\WindowsPowerShell\v1.0\;C:\WINDOWS\System32\OpenSSH\;C:\Program Files\Intel\WiFi\bin\;C:\Program Files\Common Files\Intel\WirelessCommon\;C:\Program Files\Git\cmd;C:\Program Files\NVIDIA Corporation\NVIDIA NvDLISR;C:\WINDOWS\system32;C:\WINDOWS;C:\WINDOWS\System32\Wbem;C:\WINDOWS\System32\WindowsPowerShell\v1.0\;C:\WINDOWS\System32\OpenSSH\;C:\Program Files\TortoiseGit\bin;C:\Program Files\nodejs\;C:\Ruby27-x64\bin;C:\Program Files\Java\jdk-11\bin;C:\Users\asus\AppData\Local\atom\bin;C:\Users\asus\AppData\Local\Microsoft\WindowsApps;C:\Users\asus\AppData\Local\GitHubDesktop\bin;C:\Users\asus\AppData\Local\Programs\Microsoft VS Code\bin;C:\Users\asus\AppData\Roaming\npm
USERNAME=asus
OS=Windows_NT
PROCESSOR_IDENTIFIER=Intel64 Family 6 Model 142 Stepping 10, GenuineIntel



---------------  S Y S T E M  ---------------

OS: Windows 10 , 64 bit Build 19041 (10.0.19041.1023)
OS uptime: 2 days 0:42 hours

CPU:total 8 (initial active 8) (4 cores per cpu, 2 threads per core) family 6 model 142 stepping 10, cmov, cx8, fxsr, mmx, sse, sse2, sse3, ssse3, sse4.1, sse4.2, popcnt, avx, avx2, aes, clmul, erms, 3dnowpref, lzcnt, ht, tsc, tscinvbit, bmi1, bmi2, adx, fma

Memory: 4k page, system-wide physical 8052M (957M free)
TotalPageFile size 32628M (AvailPageFile size 98M)
current process WorkingSet (physical memory assigned to process): 10M, peak: 10M
current process commit charge ("private bytes"): 60M, peak: 186M

vm_info: Java HotSpot(TM) 64-Bit Server VM (14.0.2+12-46) for windows-amd64 JRE (14.0.2+12-46), built on Jul  9 2020 00:35:52 by "mach5one" with MS VC++ 15.9 (VS2017)

END.
